<?xml version="1.0" encoding="UTF-8"?>
<testsuite xmlns:xsi="http://www.w3.org/2001/XMLSchema-instance" xsi:noNamespaceSchemaLocation="https://maven.apache.org/surefire/maven-surefire-plugin/xsd/surefire-test-report-3.0.xsd" version="3.0" name="TestSuite" time="0.468" tests="16" errors="0" skipped="14" failures="2">
  <properties>
[...]
</properties>
  <testcase name="setUpDriver" classname="allianzUITests.TestToolsQAUI" time="0.369">
    <failure message="The driver is not executable: /Users/gorachz/eclipse-workspace/SpriteCloudToolsQATest/src/test/java/Utils/chromedriver.exe" type="java.lang.IllegalStateException"><![CDATA[java.lang.IllegalStateException: The driver is not executable: /Users/gorachz/eclipse-workspace/SpriteCloudToolsQATest/src/test/java/Utils/chromedriver.exe
]]></failure>
    <system-out><![CDATA[[Configuration] [WARN] Detected a static method [base.BaseTestSetup.before()]. Static configuration methods can cause  unexpected behavior.
[Configuration] [WARN] Detected a static method [base.BaseTestSetup.before()]. Static configuration methods can cause  unexpected behavior.
]]></system-out>
  </testcase>
  <testcase name="setUpDriver" classname="allianzUITests.TestToolsQAUI" time="0">
    <skipped/>
  </testcase>
  <testcase name="beforeMethod" classname="allianzUITests.TestToolsQAUI" time="0">
    <skipped/>
  </testcase>
  <testcase name="beforeMethod" classname="allianzUITests.TestToolsQAUI" time="0">
    <skipped/>
  </testcase>
  <testcase name="setUpBrowser" classname="allianzUITests.TestToolsQAUI" time="0">
    <skipped/>
  </testcase>
  <testcase name="setUpBrowser" classname="allianzUITests.TestToolsQAUI" time="0">
    <skipped/>
  </testcase>
  <testcase name="testSearchTutorials" classname="allianzUITests.TestToolsQAUI" time="0">
    <skipped message="The driver is not executable: /Users/gorachz/eclipse-workspace/SpriteCloudToolsQATest/src/test/java/Utils/chromedriver.exe"/>
  </testcase>
  <testcase name="getTestResultInExtentReport" classname="allianzUITests.TestToolsQAUI" time="0">
    <skipped/>
  </testcase>
  <testcase name="getTestResultInExtentReport" classname="allianzUITests.TestToolsQAUI" time="0">
    <skipped/>
  </testcase>
  <testcase name="before" classname="allianzUITests.TestToolsQAUI" time="0">
    <skipped/>
  </testcase>
  <testcase name="testTutorialsTabMenu" classname="allianzUITests.TestToolsQAUI" time="0">
    <skipped message="The driver is not executable: /Users/gorachz/eclipse-workspace/SpriteCloudToolsQATest/src/test/java/Utils/chromedriver.exe"/>
  </testcase>
  <testcase name="setUpDriver" classname="allianzUITests.TestDemoQAUI" time="0.004">
    <failure message="The driver is not executable: /Users/gorachz/eclipse-workspace/SpriteCloudToolsQATest/src/test/java/Utils/chromedriver.exe" type="java.lang.IllegalStateException"><![CDATA[java.lang.IllegalStateException: The driver is not executable: /Users/gorachz/eclipse-workspace/SpriteCloudToolsQATest/src/test/java/Utils/chromedriver.exe
]]></failure>
  </testcase>
  <testcase name="beforeMethod" classname="allianzUITests.TestDemoQAUI" time="0">
    <skipped/>
  </testcase>
  <testcase name="setUpBrowser" classname="allianzUITests.TestDemoQAUI" time="0">
    <skipped/>
  </testcase>
  <testcase name="testRegistrationFormIsPresent" classname="allianzUITests.TestDemoQAUI" time="0">
    <skipped message="The driver is not executable: /Users/gorachz/eclipse-workspace/SpriteCloudToolsQATest/src/test/java/Utils/chromedriver.exe"/>
  </testcase>
  <testcase name="getTestResultInExtentReport" classname="allianzUITests.TestDemoQAUI" time="0">
    <skipped/>
  </testcase>
</testsuite>